<?xml version="1.0" encoding="UTF-8"?>
<!-- Generated by org.testng.reporters.JUnitXMLReporter -->
<testsuite ignored="0" hostname="DESKTOP-DPM5VVI" failures="0" tests="3" name="Default test" time="4.636" errors="0" timestamp="2026-08-26T12:55:28 IST">
  <testcase classname="files.DynamicJson" name="addBook" time="4.033"/>
  <testcase classname="files.DynamicJson" name="addBook" time="0.247"/>
  <testcase classname="files.DynamicJson" name="addBook" time="0.281"/>
</testsuite> <!-- Default test -->
