<?xml version="1.0" encoding="UTF-8"?>
<testng-results ignored="0" total="3" passed="3" failed="0" skipped="0">
  <reporter-output>
  </reporter-output>
  <suite started-at="2026-08-26T12:55:23 IST" name="Default suite" finished-at="2026-08-26T12:55:28 IST" duration-ms="4636">
    <groups>
    </groups>
    <test started-at="2026-08-26T12:55:23 IST" name="Default test" finished-at="2026-08-26T12:55:28 IST" duration-ms="4636">
      <class name="files.DynamicJson">
        <test-method signature="addBook(java.lang.String,java.lang.String)[pri:0, instance:files.DynamicJson@6a400542]" started-at="2026-08-26T12:55:23 IST" name="addBook" data-provider="BooksData" finished-at="2026-08-26T12:55:27 IST" duration-ms="4033" status="PASS">
          <params>
            <param index="0">
              <value>
                <![CDATA[asu]]>
              </value>
            </param>
            <param index="1">
              <value>
                <![CDATA[8493]]>
              </value>
            </param>
          </params>
          <reporter-output>
          </reporter-output>
        </test-method> <!-- addBook -->
        <test-method signature="addBook(java.lang.String,java.lang.String)[pri:0, instance:files.DynamicJson@6a400542]" started-at="2026-08-26T12:55:27 IST" name="addBook" data-provider="BooksData" finished-at="2026-08-26T12:55:28 IST" duration-ms="247" status="PASS">
          <params>
            <param index="0">
              <value>
                <![CDATA[siani]]>
              </value>
            </param>
            <param index="1">
              <value>
                <![CDATA[8694]]>
              </value>
            </param>
          </params>
          <reporter-output>
          </reporter-output>
        </test-method> <!-- addBook -->
        <test-method signature="addBook(java.lang.String,java.lang.String)[pri:0, instance:files.DynamicJson@6a400542]" started-at="2026-08-26T12:55:28 IST" name="addBook" data-provider="BooksData" finished-at="2026-08-26T12:55:28 IST" duration-ms="281" status="PASS">
          <params>
            <param index="0">
              <value>
                <![CDATA[yiss]]>
              </value>
            </param>
            <param index="1">
              <value>
                <![CDATA[2321]]>
              </value>
            </param>
          </params>
          <reporter-output>
          </reporter-output>
        </test-method> <!-- addBook -->
      </class> <!-- files.DynamicJson -->
    </test> <!-- Default test -->
  </suite> <!-- Default suite -->
</testng-results>
