<?xml version="1.0" encoding="UTF-8"?>
<!-- Generated by org.testng.reporters.JUnitReportReporter -->
<testsuite hostname="DESKTOP-DPM5VVI" failures="0" tests="3" name="files.DynamicJson" time="4.561" errors="0" timestamp="2026-08-26T12:55:28 IST" skipped="0">
  <testcase classname="files.DynamicJson" name="addBook" time="4.033"/>
  <testcase classname="files.DynamicJson" name="addBook" time="0.281"/>
  <testcase classname="files.DynamicJson" name="addBook" time="0.247"/>
</testsuite> <!-- files.DynamicJson -->
